<?xml version="1.0" encoding="UTF-8"?>
<!-- Generated by org.testng.reporters.JUnitReportReporter -->
<testsuite hostname="DESKTOP-J4SRGEC" failures="0" tests="1" name="opencart_pom_module_Seachproduct.seach" time="2.514" errors="0" timestamp="2024-07-20T08:08:54 IST" skipped="0">
  <testcase classname="opencart_pom_module_Seachproduct.seach" name="myfirstproduct" time="2.514"/>
  <system-out/>
</testsuite> <!-- opencart_pom_module_Seachproduct.seach -->
