<?xml version="1.0" encoding="UTF-8"?>
<!-- Generated by org.testng.reporters.JUnitReportReporter -->
<testsuite hostname="DESKTOP-J4SRGEC" failures="0" tests="7" name="dummyjson_rest_assured.Comments" time="11.558" errors="0" timestamp="2024-07-19T18:23:26 IST" skipped="0">
  <testcase classname="dummyjson_rest_assured.Comments" name="Geta_single_comment" time="0.871"/>
  <system-out/>
  <testcase classname="dummyjson_rest_assured.Comments" name="Limit_and_skipcomments" time="0.969"/>
  <system-out/>
  <testcase classname="dummyjson_rest_assured.Comments" name="Update_a_comment" time="1.222"/>
  <system-out/>
  <testcase classname="dummyjson_rest_assured.Comments" name="Get_all_comments" time="0.931"/>
  <system-out/>
  <testcase classname="dummyjson_rest_assured.Comments" name="Get_all_commentsby_postid" time="0.886"/>
  <system-out/>
  <testcase classname="dummyjson_rest_assured.Comments" name="Add_a_new_comment" time="5.371"/>
  <system-out/>
  <testcase classname="dummyjson_rest_assured.Comments" name="Delete_a_comment" time="1.308"/>
  <system-out/>
</testsuite> <!-- dummyjson_rest_assured.Comments -->
