<?xml version="1.0" encoding="UTF-8"?>
<!-- Generated by org.testng.reporters.JUnitReportReporter -->
<testsuite hostname="DESKTOP-J4SRGEC" failures="0" tests="8" name="dummyjson_rest_assured.recipes" time="13.154" errors="0" timestamp="2024-07-19T18:23:00 IST" skipped="0">
  <testcase classname="dummyjson_rest_assured.recipes" name="Get_recipes_byameal" time="0.942"/>
  <system-out/>
  <testcase classname="dummyjson_rest_assured.recipes" name="Search_recipes" time="0.909"/>
  <system-out/>
  <testcase classname="dummyjson_rest_assured.recipes" name="Get_a_single_recipe" time="5.465"/>
  <system-out/>
  <testcase classname="dummyjson_rest_assured.recipes" name="Get_all_recipes" time="1.744"/>
  <system-out/>
  <testcase classname="dummyjson_rest_assured.recipes" name="Get_recipes_bya_tag" time="1.200"/>
  <system-out/>
  <testcase classname="dummyjson_rest_assured.recipes" name="Get_all_recipes_tags" time="1.037"/>
  <system-out/>
  <testcase classname="dummyjson_rest_assured.recipes" name="Limit_and_skip_recipes" time="0.911"/>
  <system-out/>
  <testcase classname="dummyjson_rest_assured.recipes" name="Sort_recipes" time="0.946"/>
  <system-out/>
</testsuite> <!-- dummyjson_rest_assured.recipes -->
